# JRE version: Java(TM) SE Runtime Environment (8.0_102-b14) (build 1.8.0_102-b14)
# Java VM: Java HotSpot(TM) 64-Bit Server VM (25.102-b14 mixed mode windows-amd64 compressed oops)
Heap:
 PSYoungGen      total 60416K, used 49698K [0x00000000ed780000, 0x00000000f1400000, 0x0000000100000000)
  eden space 59392K, 82% used [0x00000000ed780000,0x00000000f079afc0,0x00000000f1180000)
  from space 1024K, 42% used [0x00000000f1300000,0x00000000f136d890,0x00000000f1400000)
  to   space 1024K, 0% used [0x00000000f1200000,0x00000000f1200000,0x00000000f1300000)
 ParOldGen       total 38400K, used 3259K [0x00000000c8600000, 0x00000000cab80000, 0x00000000ed780000)
  object space 38400K, 8% used [0x00000000c8600000,0x00000000c892eec8,0x00000000cab80000)
 Metaspace       used 4496K, capacity 5152K, committed 5504K, reserved 1056768K
  class space    used 514K, capacity 528K, committed 640K, reserved 1048576K
GC Heap History (10 events):
Event: 4.595 GC heap before
{Heap before GC invocations=34 (full 0):
 PSYoungGen      total 60416K, used 59908K [0x00000000ed780000, 0x00000000f1400000, 0x0000000100000000)
  eden space 59392K, 99% used [0x00000000ed780000,0x00000000f113a350,0x00000000f1180000)
  from space 1024K, 77% used [0x00000000f1200000,0x00000000f12c6e10,0x00000000f1300000)
  to   space 1024K, 0% used [0x00000000f1300000,0x00000000f1300000,0x00000000f1400000)
 ParOldGen       total 38400K, used 2456K [0x00000000c8600000, 0x00000000cab80000, 0x00000000ed780000)
  object space 38400K, 6% used [0x00000000c8600000,0x00000000c8866370,0x00000000cab80000)
 Metaspace       used 3421K, capacity 4494K, committed 4864K, reserved 1056768K
  class space    used 369K, capacity 386K, committed 512K, reserved 1048576K
Event: 4.596 GC heap after
Heap after GC invocations=34 (full 0):
 PSYoungGen      total 60416K, used 452K [0x00000000ed780000, 0x00000000f1400000, 0x0000000100000000)
  eden space 59392K, 0% used [0x00000000ed780000,0x00000000ed780000,0x00000000f1180000)
  from space 1024K, 44% used [0x00000000f1300000,0x00000000f13710a0,0x00000000f1400000)
  to   space 1024K, 0% used [0x00000000f1200000,0x00000000f1200000,0x00000000f1300000)
 ParOldGen       total 38400K, used 2456K [0x00000000c8600000, 0x00000000cab80000, 0x00000000ed780000)
  object space 38400K, 6% used [0x00000000c8600000,0x00000000c8866370,0x00000000cab80000)
 Metaspace       used 3421K, capacity 4494K, committed 4864K, reserved 1056768K
  class space    used 369K, capacity 386K, committed 512K, reserved 1048576K
}
Event: 4.630 GC heap before
{Heap before GC invocations=35 (full 0):
 PSYoungGen      total 60416K, used 59823K [0x00000000ed780000, 0x00000000f1400000, 0x0000000100000000)
  eden space 59392K, 99% used [0x00000000ed780000,0x00000000f117aec0,0x00000000f1180000)
  from space 1024K, 44% used [0x00000000f1300000,0x00000000f13710a0,0x00000000f1400000)
  to   space 1024K, 0% used [0x00000000f1200000,0x00000000f1200000,0x00000000f1300000)
 ParOldGen       total 38400K, used 2456K [0x00000000c8600000, 0x00000000cab80000, 0x00000000ed780000)
  object space 38400K, 6% used [0x00000000c8600000,0x00000000c8866370,0x00000000cab80000)
 Metaspace       used 3421K, capacity 4494K, committed 4864K, reserved 1056768K
  class space    used 369K, capacity 386K, committed 512K, reserved 1048576K
Event: 4.631 GC heap after
Heap after GC invocations=35 (full 0):
 PSYoungGen      total 60416K, used 428K [0x00000000ed780000, 0x00000000f1400000, 0x0000000100000000)
  eden space 59392K, 0% used [0x00000000ed780000,0x00000000ed780000,0x00000000f1180000)
  from space 1024K, 41% used [0x00000000f1200000,0x00000000f126b0d0,0x00000000f1300000)
  to   space 1024K, 0% used [0x00000000f1300000,0x00000000f1300000,0x00000000f1400000)
 ParOldGen       total 38400K, used 2456K [0x00000000c8600000, 0x00000000cab80000, 0x00000000ed780000)
  object space 38400K, 6% used [0x00000000c8600000,0x00000000c8866370,0x00000000cab80000)
 Metaspace       used 3421K, capacity 4494K, committed 4864K, reserved 1056768K
  class space    used 369K, capacity 386K, committed 512K, reserved 1048576K
}
Event: 4.665 GC heap before
{Heap before GC invocations=36 (full 0):
 PSYoungGen      total 60416K, used 59293K [0x00000000ed780000, 0x00000000f1400000, 0x0000000100000000)
  eden space 59392K, 99% used [0x00000000ed780000,0x00000000f10fc338,0x00000000f1180000)
  from space 1024K, 41% used [0x00000000f1200000,0x00000000f126b0d0,0x00000000f1300000)
  to   space 1024K, 0% used [0x00000000f1300000,0x00000000f1300000,0x00000000f1400000)
 ParOldGen       total 38400K, used 2456K [0x00000000c8600000, 0x00000000cab80000, 0x00000000ed780000)
  object space 38400K, 6% used [0x00000000c8600000,0x00000000c8866370,0x00000000cab80000)
 Metaspace       used 3421K, capacity 4494K, committed 4864K, reserved 1056768K
  class space    used 369K, capacity 386K, committed 512K, reserved 1048576K
Event: 4.666 GC heap after
Heap after GC invocations=36 (full 0):
 PSYoungGen      total 60416K, used 862K [0x00000000ed780000, 0x00000000f1400000, 0x0000000100000000)
  eden space 59392K, 0% used [0x00000000ed780000,0x00000000ed780000,0x00000000f1180000)
  from space 1024K, 84% used [0x00000000f1300000,0x00000000f13d7a00,0x00000000f1400000)
  to   space 1024K, 0% used [0x00000000f1200000,0x00000000f1200000,0x00000000f1300000)
 ParOldGen       total 38400K, used 2856K [0x00000000c8600000, 0x00000000cab80000, 0x00000000ed780000)
  object space 38400K, 7% used [0x00000000c8600000,0x00000000c88ca050,0x00000000cab80000)
 Metaspace       used 3421K, capacity 4494K, committed 4864K, reserved 1056768K
  class space    used 369K, capacity 386K, committed 512K, reserved 1048576K
}
Event: 4.700 GC heap before
{Heap before GC invocations=37 (full 0):
 PSYoungGen      total 60416K, used 59933K [0x00000000ed780000, 0x00000000f1400000, 0x0000000100000000)
  eden space 59392K, 99% used [0x00000000ed780000,0x00000000f112fcf0,0x00000000f1180000)
  from space 1024K, 84% used [0x00000000f1300000,0x00000000f13d7a00,0x00000000f1400000)
  to   space 1024K, 0% used [0x00000000f1200000,0x00000000f1200000,0x00000000f1300000)
 ParOldGen       total 38400K, used 2856K [0x00000000c8600000, 0x00000000cab80000, 0x00000000ed780000)
  object space 38400K, 7% used [0x00000000c8600000,0x00000000c88ca050,0x00000000cab80000)
 Metaspace       used 3421K, capacity 4494K, committed 4864K, reserved 1056768K
  class space    used 369K, capacity 386K, committed 512K, reserved 1048576K
Event: 4.702 GC heap after
Heap after GC invocations=37 (full 0):
 PSYoungGen      total 60416K, used 871K [0x00000000ed780000, 0x00000000f1400000, 0x0000000100000000)
  eden space 59392K, 0% used [0x00000000ed780000,0x00000000ed780000,0x00000000f1180000)
  from space 1024K, 85% used [0x00000000f1200000,0x00000000f12d9d30,0x00000000f1300000)
  to   space 1024K, 0% used [0x00000000f1300000,0x00000000f1300000,0x00000000f1400000)
 ParOldGen       total 38400K, used 3259K [0x00000000c8600000, 0x00000000cab80000, 0x00000000ed780000)
  object space 38400K, 8% used [0x00000000c8600000,0x00000000c892eec8,0x00000000cab80000)
 Metaspace       used 3421K, capacity 4494K, committed 4864K, reserved 1056768K
  class space    used 369K, capacity 386K, committed 512K, reserved 1048576K
}
Event: 4.738 GC heap before
{Heap before GC invocations=38 (full 0):
 PSYoungGen      total 60416K, used 59950K [0x00000000ed780000, 0x00000000f1400000, 0x0000000100000000)
  eden space 59392K, 99% used [0x00000000ed780000,0x00000000f1131cb0,0x00000000f1180000)
  from space 1024K, 85% used [0x00000000f1200000,0x00000000f12d9d30,0x00000000f1300000)
  to   space 1024K, 0% used [0x00000000f1300000,0x00000000f1300000,0x00000000f1400000)
 ParOldGen       total 38400K, used 3259K [0x00000000c8600000, 0x00000000cab80000, 0x00000000ed780000)
  object space 38400K, 8% used [0x00000000c8600000,0x00000000c892eec8,0x00000000cab80000)
 Metaspace       used 3421K, capacity 4494K, committed 4864K, reserved 1056768K
  class space    used 369K, capacity 386K, committed 512K, reserved 1048576K
Event: 4.739 GC heap after
Heap after GC invocations=38 (full 0):
 PSYoungGen      total 60416K, used 438K [0x00000000ed780000, 0x00000000f1400000, 0x0000000100000000)
  eden space 59392K, 0% used [0x00000000ed780000,0x00000000ed780000,0x00000000f1180000)
  from space 1024K, 42% used [0x00000000f1300000,0x00000000f136d890,0x00000000f1400000)
  to   space 1024K, 0% used [0x00000000f1200000,0x00000000f1200000,0x00000000f1300000)
 ParOldGen       total 38400K, used 3259K [0x00000000c8600000, 0x00000000cab80000, 0x00000000ed780000)
  object space 38400K, 8% used [0x00000000c8600000,0x00000000c892eec8,0x00000000cab80000)
 Metaspace       used 3421K, capacity 4494K, committed 4864K, reserved 1056768K
  class space    used 369K, capacity 386K, committed 512K, reserved 1048576K
}

