# JRE version: Java(TM) SE Runtime Environment (8.0_102-b14) (build 1.8.0_102-b14)
# Java VM: Java HotSpot(TM) 64-Bit Server VM (25.102-b14 mixed mode windows-amd64 compressed oops)
Heap:
 PSYoungGen      total 60416K, used 50891K [0x00000000ed780000, 0x00000000f1380000, 0x0000000100000000)
  eden space 59392K, 84% used [0x00000000ed780000,0x00000000f08c5420,0x00000000f1180000)
  from space 1024K, 42% used [0x00000000f1280000,0x00000000f12ed890,0x00000000f1380000)
  to   space 1024K, 0% used [0x00000000f1180000,0x00000000f1180000,0x00000000f1280000)
 ParOldGen       total 38400K, used 4129K [0x00000000c8600000, 0x00000000cab80000, 0x00000000ed780000)
  object space 38400K, 10% used [0x00000000c8600000,0x00000000c8a086c0,0x00000000cab80000)
 Metaspace       used 4762K, capacity 5344K, committed 5504K, reserved 1056768K
  class space    used 524K, capacity 528K, committed 640K, reserved 1048576K
GC Heap History (10 events):
Event: 4.608 GC heap before
{Heap before GC invocations=34 (full 0):
 PSYoungGen      total 60416K, used 59908K [0x00000000ed780000, 0x00000000f1380000, 0x0000000100000000)
  eden space 59392K, 99% used [0x00000000ed780000,0x00000000f113a350,0x00000000f1180000)
  from space 1024K, 77% used [0x00000000f1180000,0x00000000f1246e10,0x00000000f1280000)
  to   space 1024K, 0% used [0x00000000f1280000,0x00000000f1280000,0x00000000f1380000)
 ParOldGen       total 38400K, used 3730K [0x00000000c8600000, 0x00000000cab80000, 0x00000000ed780000)
  object space 38400K, 9% used [0x00000000c8600000,0x00000000c89a49e0,0x00000000cab80000)
 Metaspace       used 3420K, capacity 4494K, committed 4864K, reserved 1056768K
  class space    used 369K, capacity 386K, committed 512K, reserved 1048576K
Event: 4.609 GC heap after
Heap after GC invocations=34 (full 0):
 PSYoungGen      total 60416K, used 420K [0x00000000ed780000, 0x00000000f1380000, 0x0000000100000000)
  eden space 59392K, 0% used [0x00000000ed780000,0x00000000ed780000,0x00000000f1180000)
  from space 1024K, 41% used [0x00000000f1280000,0x00000000f12e90a0,0x00000000f1380000)
  to   space 1024K, 0% used [0x00000000f1180000,0x00000000f1180000,0x00000000f1280000)
 ParOldGen       total 38400K, used 3730K [0x00000000c8600000, 0x00000000cab80000, 0x00000000ed780000)
  object space 38400K, 9% used [0x00000000c8600000,0x00000000c89a49e0,0x00000000cab80000)
 Metaspace       used 3420K, capacity 4494K, committed 4864K, reserved 1056768K
  class space    used 369K, capacity 386K, committed 512K, reserved 1048576K
}
Event: 4.640 GC heap before
{Heap before GC invocations=35 (full 0):
 PSYoungGen      total 60416K, used 59791K [0x00000000ed780000, 0x00000000f1380000, 0x0000000100000000)
  eden space 59392K, 99% used [0x00000000ed780000,0x00000000f117aec0,0x00000000f1180000)
  from space 1024K, 41% used [0x00000000f1280000,0x00000000f12e90a0,0x00000000f1380000)
  to   space 1024K, 0% used [0x00000000f1180000,0x00000000f1180000,0x00000000f1280000)
 ParOldGen       total 38400K, used 3730K [0x00000000c8600000, 0x00000000cab80000, 0x00000000ed780000)
  object space 38400K, 9% used [0x00000000c8600000,0x00000000c89a49e0,0x00000000cab80000)
 Metaspace       used 3420K, capacity 4494K, committed 4864K, reserved 1056768K
  class space    used 369K, capacity 386K, committed 512K, reserved 1048576K
Event: 4.641 GC heap after
Heap after GC invocations=35 (full 0):
 PSYoungGen      total 60416K, used 428K [0x00000000ed780000, 0x00000000f1380000, 0x0000000100000000)
  eden space 59392K, 0% used [0x00000000ed780000,0x00000000ed780000,0x00000000f1180000)
  from space 1024K, 41% used [0x00000000f1180000,0x00000000f11eb0d0,0x00000000f1280000)
  to   space 1024K, 0% used [0x00000000f1280000,0x00000000f1280000,0x00000000f1380000)
 ParOldGen       total 38400K, used 3730K [0x00000000c8600000, 0x00000000cab80000, 0x00000000ed780000)
  object space 38400K, 9% used [0x00000000c8600000,0x00000000c89a49e0,0x00000000cab80000)
 Metaspace       used 3420K, capacity 4494K, committed 4864K, reserved 1056768K
  class space    used 369K, capacity 386K, committed 512K, reserved 1048576K
}
Event: 4.671 GC heap before
{Heap before GC invocations=36 (full 0):
 PSYoungGen      total 60416K, used 59293K [0x00000000ed780000, 0x00000000f1380000, 0x0000000100000000)
  eden space 59392K, 99% used [0x00000000ed780000,0x00000000f10fc330,0x00000000f1180000)
  from space 1024K, 41% used [0x00000000f1180000,0x00000000f11eb0d0,0x00000000f1280000)
  to   space 1024K, 0% used [0x00000000f1280000,0x00000000f1280000,0x00000000f1380000)
 ParOldGen       total 38400K, used 3730K [0x00000000c8600000, 0x00000000cab80000, 0x00000000ed780000)
  object space 38400K, 9% used [0x00000000c8600000,0x00000000c89a49e0,0x00000000cab80000)
 Metaspace       used 3420K, capacity 4494K, committed 4864K, reserved 1056768K
  class space    used 369K, capacity 386K, committed 512K, reserved 1048576K
Event: 4.673 GC heap after
Heap after GC invocations=36 (full 0):
 PSYoungGen      total 60416K, used 862K [0x00000000ed780000, 0x00000000f1380000, 0x0000000100000000)
  eden space 59392K, 0% used [0x00000000ed780000,0x00000000ed780000,0x00000000f1180000)
  from space 1024K, 84% used [0x00000000f1280000,0x00000000f1357a00,0x00000000f1380000)
  to   space 1024K, 0% used [0x00000000f1180000,0x00000000f1180000,0x00000000f1280000)
 ParOldGen       total 38400K, used 4129K [0x00000000c8600000, 0x00000000cab80000, 0x00000000ed780000)
  object space 38400K, 10% used [0x00000000c8600000,0x00000000c8a086c0,0x00000000cab80000)
 Metaspace       used 3420K, capacity 4494K, committed 4864K, reserved 1056768K
  class space    used 369K, capacity 386K, committed 512K, reserved 1048576K
}
Event: 4.704 GC heap before
{Heap before GC invocations=37 (full 0):
 PSYoungGen      total 60416K, used 59933K [0x00000000ed780000, 0x00000000f1380000, 0x0000000100000000)
  eden space 59392K, 99% used [0x00000000ed780000,0x00000000f112fce8,0x00000000f1180000)
  from space 1024K, 84% used [0x00000000f1280000,0x00000000f1357a00,0x00000000f1380000)
  to   space 1024K, 0% used [0x00000000f1180000,0x00000000f1180000,0x00000000f1280000)
 ParOldGen       total 38400K, used 4129K [0x00000000c8600000, 0x00000000cab80000, 0x00000000ed780000)
  object space 38400K, 10% used [0x00000000c8600000,0x00000000c8a086c0,0x00000000cab80000)
 Metaspace       used 3420K, capacity 4494K, committed 4864K, reserved 1056768K
  class space    used 369K, capacity 386K, committed 512K, reserved 1048576K
Event: 4.705 GC heap after
Heap after GC invocations=37 (full 0):
 PSYoungGen      total 60416K, used 871K [0x00000000ed780000, 0x00000000f1380000, 0x0000000100000000)
  eden space 59392K, 0% used [0x00000000ed780000,0x00000000ed780000,0x00000000f1180000)
  from space 1024K, 85% used [0x00000000f1180000,0x00000000f1259d10,0x00000000f1280000)
  to   space 1024K, 0% used [0x00000000f1280000,0x00000000f1280000,0x00000000f1380000)
 ParOldGen       total 38400K, used 4129K [0x00000000c8600000, 0x00000000cab80000, 0x00000000ed780000)
  object space 38400K, 10% used [0x00000000c8600000,0x00000000c8a086c0,0x00000000cab80000)
 Metaspace       used 3420K, capacity 4494K, committed 4864K, reserved 1056768K
  class space    used 369K, capacity 386K, committed 512K, reserved 1048576K
}
Event: 4.738 GC heap before
{Heap before GC invocations=38 (full 0):
 PSYoungGen      total 60416K, used 59950K [0x00000000ed780000, 0x00000000f1380000, 0x0000000100000000)
  eden space 59392K, 99% used [0x00000000ed780000,0x00000000f1131cb0,0x00000000f1180000)
  from space 1024K, 85% used [0x00000000f1180000,0x00000000f1259d10,0x00000000f1280000)
  to   space 1024K, 0% used [0x00000000f1280000,0x00000000f1280000,0x00000000f1380000)
 ParOldGen       total 38400K, used 4129K [0x00000000c8600000, 0x00000000cab80000, 0x00000000ed780000)
  object space 38400K, 10% used [0x00000000c8600000,0x00000000c8a086c0,0x00000000cab80000)
 Metaspace       used 3420K, capacity 4494K, committed 4864K, reserved 1056768K
  class space    used 369K, capacity 386K, committed 512K, reserved 1048576K
Event: 4.739 GC heap after
Heap after GC invocations=38 (full 0):
 PSYoungGen      total 60416K, used 438K [0x00000000ed780000, 0x00000000f1380000, 0x0000000100000000)
  eden space 59392K, 0% used [0x00000000ed780000,0x00000000ed780000,0x00000000f1180000)
  from space 1024K, 42% used [0x00000000f1280000,0x00000000f12ed890,0x00000000f1380000)
  to   space 1024K, 0% used [0x00000000f1180000,0x00000000f1180000,0x00000000f1280000)
 ParOldGen       total 38400K, used 4129K [0x00000000c8600000, 0x00000000cab80000, 0x00000000ed780000)
  object space 38400K, 10% used [0x00000000c8600000,0x00000000c8a086c0,0x00000000cab80000)
 Metaspace       used 3420K, capacity 4494K, committed 4864K, reserved 1056768K
  class space    used 369K, capacity 386K, committed 512K, reserved 1048576K
}

